100
0   12   61   80   95  133  146  210  217  225  231  236  260  298  322  610  720  954 1040 1071 1137 1143 1422 1687 3376 5278 6192 7367 8549
1   13   34   41   43   57   88   93  108  110  121  123  159  199  237  238  251  281  288  396  425  435  461  463  505  533  600  633 1089 1572 3198 4040 4589 5865
2    0    3    4    5    8    9   12   15   16   20   21   23  24   27  28  38  40   42   59   62   65   69   81   83   85   94   96  102  103  132  148  156  178  179  181  214  264  390  485  940 2264 3774
3   12  223  259  433  447  564  768  848  907 3097
4
5   10   31   35   36   44   61   66   94   97  125  149  195  240  249  255  272  285  286  291  295  314  412  422  549  611  780  786  933 1051 1173 2614 4908 5782
6   2   6  10  13  17  20  25  29  31  34  40  41  44  52  54  63  67  71  72  75  83  86  89 108 112 119 121 135 137 145 170 799
7   2   3   6  10  11  13  15  19  21  25  34  35  36  39  47  49  54  55  56  60  66  67  89  90  93 102 107 109 145 250
8   28   56  135  173  222  280  415  484  593  752 1287 5530 6938
9   16   29   59   78   84   88  110  115  119  145  158  163  183  184  196  231  352  403  432  468  475  510  514  715  762  912 1449 2024 2052 2065 2562 2652 2831 3559 4390 5641 6234 6729 8322 9442
10   13   17   26   28   30   36   38   43   46   47   60   80   93   98  131  134  138  154  160  163  185  199  245  332  513  560  626  687  739  824  870  911 1667 1707 1963 2628 2871
11    6   10   19   21   31   39   41   51   61   63   72   75   79   84  111  124  136  142  174  231  246  248  254  272  301  327  356  372  475  477  762 1566
12    9   12   18   22   37   39   46   65   66   77   79   84   94   99  105  117  120  168  169  213  221  245  251  287  322  421  554  595  632  731  790  878 1401
13
14  162  185  236  670 1641 3070 3383 5850
15    4    5    7   19   27   31   41   51   63   72   84   90   92  113  138  142  146  147  150  177  179  182  202  212  219  231  265  309  361  513  537  561  601  660  772  854 1027 2291
16
17  510  547  665  731  759  779  879  996 1030 1433 1710 2033 2072 2232 234 3123 3220 3274 3735 3923 4167 4254 4278 4343 4607 5218 5278 5404 5893 6049 6797 7488 7818 8015 8476 9306
18   1  14  51  92 109 122 161 192 202 204 229 267 269 286 355 389 450 879
19    4  188 2041
20    4    5    8   10   12   16   24   27   33   36   37   38   49   56   60   68   90   91  107  116  118  148  160  208  232  297  491  709  907 1052 1290 1514 5154 5526
21    6   17   19   28   33   37   43   47   50   68   70   71   74   77   87  101  124  134  176  199  205  233  249  252  281  325  386  403  494  797  845 1152 1350 1402 1948 2285 3158
22    7   42   45   72   74   76   78   81   84   92   97  114  116  133  144  148  161  173  180  193  197  207  217  220  253  270  298  317  356  389  402  429  442  468  513  514  658  822  843  964  977 1310
23   29   84   86   95  117  250  361  418  419  671  678  817  866 1042 1071 1351 1407 1429 1677 1686 2202 2479 2579 3257 3324 3571 3700 3839 5604 5834 6036
24   28   80   88   91  104  114  115  128  134  160  183  184  185  186  203  236  271  305  388  414  426  542  644  654  680  683  769  871  889  977 1011 1066 1629 1845 2060 2168 3171 3210 7086 7373
25    1   13   16   25   64   84  186  232  301  393  588  678  694 1199 1490 1645 1667 2587 4722 4724
26    0   42   55   59   66   80   84   85  105  120  131  158  161  170  173  187  210  234  299  313  328  336  342  371  399  409  415  446  488  890 1333 2052 2195 3317
27    0    8   11   12   15   16   17   24   30   43   45   46   47   53   59   70   79   89  107  110  119  121  122  124  151  157  164  169  172  206  218  228  300  443  482  739  855 1954
28    0   20   29   35   41   58   64   78   97  114  121  128  144  148  164  196  234  264  272  383  431  478  488  492  612  688  791  975 1074 1150 1788 1917 2048 2576 6424
29   36   49   71   89  127  153  161  270  274  281  290  329  360  437  442  490  496  526  650  762  793  880 1015 1378 1697 1803 1811 1908 3148 3201 3842
30    9  124  239  258  268  347  435  602  625 1026 1132 1610 1904 1933 2076 2385 4378 4801 8740 9948
31   14   16   21   28   43   65   69   95   96  102  105  125  128  141  142  159  172  173  178  199  222  253  256  268  301  302  399  463  549  554  557  582  590  735  842 1065 1106 2078 2360
32    1   11   19   22   30   32   33   49   51   55   56   60   74   77   97  101  104  137  138  176  180  184  197  215  232  239  287  307  321  323  339  619  645  709  797 5921
33    5   40   44   51   54   56   66   86  109  132  134  180  314  377  419  432  441  482  483  602  630  659  812  864  973 1141 1216 1340 1418 1922 2447 3119 3639 5754 7437
34   16   21   27   38   44   53   54   57   60   69   73   76   91   95  137  152  154  171  178  190  209  268  305  333  340  391  412  466  491  680  926 1575 1665 1942 2300 3764 4895 6604 9952
35
36   94  137  407  448  733  751  998 1072 1797
37   15   17   18   20   26   28   30   41   45   48   77   88  114  121  126  128  140  141  143  179  198  246  320  332  371  395  418  444  514  968 1080 1214 1576 2096 2147 2430
38
39    7   17   55   56  102  119  130  162  189  247  280  335  337  393  439  452  546  608  678  747  750  796  979 1171 1197 1395 1481 1973 2128 2657 2688 2990 3751 3983 4302 7182 7593
40  232  284  306  308  317  388  405  521  595  777  907  972 1022 1837 1880 2566 3098 4849
41   97  121  176  250  259  283  382  389  412  476  516  553  554  625  627  634  665  716  814  942 1058 1148 1211 1213 1477 1723 1837 2344 2415 2545 3135 3790 3866 3884 4255
42    7   60   62   74  102  155  162  172  205  234  248  285  292  299  315  472  487  588  708  843  908  935 1263 1393 1449 1522 1552 1643 1713 1789 2862 3617 4126 5973 7431 7854 8871 9338 9517
43  490  842 1068 1128 1274 1876 1988 4680 6045 7112
44  201 1070 1246 1651 2050 2563
45   1   2   3   4   7   8  11  12  15  18  20  23  26  27  31  32  34  37  42  47  48  52  53  60  62  69  74  81  83  85  91 117 121 135 138 156 309 332
46   15   25   87   94  181  224  289  302  308  323  493  718  844  988 1063 1324 1356 1902 1944 2167 2729 3076 4148 4372 7408
47  138  174  228  229  286  383  457  484  514 1249 1680 1899 1967 2038 2199 2266 2392 2413 3624 4336 4738 5388 5497 5990 6684 7463 8006 8150 9134 9718 9768
48    3    4    7    9   13   21   22   25   26   30   34   41   42   44   48   51   67   69   75   81   99  104  133  147  163  164  227  300  330  404  545  745  751 1283 1344 1554 1653 2955 3684 4497
49    3    5    7   14   15   21   36   49   60   73   74   94   95  138  194  212  316  419  473  498  519  763  839  969  996 1325 1671 1767 1959 2239 3236 3332 3923 4164 4613 5221 6137 7718 7970 8450 8973 9957
50    3   36   65   85  102  148  216  233  240  303  322  344  415  592  627
51
52
53   92  100  110  118  215  216  252  289  302  380  398  534  760  807  846  916 1021 1035 1077 1097 1296 1434 1704 1866 2135 2218 2473 3243 3528 4630 6126 8660
54    2   11   14   15   18   27   30   32   34   35   44   56   81   88   95  105  109  115  125  129  137  169  180  193  243  268  288  331  451  509  636 1001 1039 1489 5020 6043 9019
55   12   41   65   70   80   84   88  103  115  124  129  130  134  146  189  208  218  366  374  402  414  437  460  544  579  900  909  978 1209 1246
56   63  154  176  177  283  349  350  381  481  586  707  816  825  948 1075 1406 1697 2451 2746 2810 3006 3577 3756 3796 4452 4612 5276 5566 5795 6348 7499 7815 8114 8402 8702 9742
57    3    8   13   16   17   38   43   45   46   48   54   76   91  110  111  114  116  118  126  131  135  196  197  200  218  349  358  375  402  404  422  448  480  484  968 1156 1442 1506 2348 3975 6979
58  181  325  505  720  806  850 9175
59
60    1   39   52   54   66   71   77   99  101  107  113  130  143  190  216  229  232  235  238  297  409  758 1105 1756 1799 1909 1927 3126
61   40   63   75   93  213  266  275  408  420  456  468  507  512  524  564  566  635  795  815  916  984 1227 1460 1754 2014 2410 2552 2649 2769 2976 3624 3935 4674 7672
62   58   59   62   87  151  236  402  428  445  454  495  528  661  662  770  919 1002 1187 1373 1383 1503 1826 2091 2203 3234 3428 3429 4197 5014 5672 5876 6044 6379 6450 7624
63  255  370  757  796  971  976 1054 1218 1303 1349 2158 2359 2683 2811 3100 3249 3320 3423 3494 3552 3642 3866 3883 4259 4450 4540 5127 5489 5779 6383 6549 6879 7820 8773 8947
64   30   40   44  125  129  168  193  323  358  458  623  784  969 1005 2406 3032 3334 3940 5055 6820 8799
65    6   22   28   36   47   49  123  132  166  183  220  233  390  432  547  790  963 1017 1108 1385 1491 1628 1679 2431 2460 2805 4549 4584 5412 5965 6629 8055 9693
66  186  292  293  309  337  502  524  591  636  724  947 1164 1201 1250 1413 2055 2311 4477 6656 6980 7325 9277
67    1   11   13   18   22   25   26   27   32   33   34   36   37   48   50   53   57   58   60   64   65   70   77   78   82  105  120  126  139  152  155  165  308  323  519 1387
68  112  113  134  140  264  275  279  314  323  324  372  377  424  465  468  509  517  575  604  612  647  868  924 1037 1078 1139 1202 1395 1428 1466 1608 2112 2471 3293 5350 5667 6961 8241 9360
69
70   35   41  174  202  253  298  302  367  378  390  410  462  487  526  577  608  629  666  822  840 1113 1295 1486 2121 2157 2973 5539 9479
71   22   37   68   77   80  101  143  225  232  234  252  350  355  439  445  523  534  546  579  581  723  906 1099 1239 1272 2212 2477 2591 2611 2684 5447 9357
72  261  428  750  798  948 1190 1215 1384 2433 2859 5038
73  241  596 1057 1311 1484 1611 2201 2211 3403 3826 6188
74   80  149  199  203  446  582  968 1210 1596 1963 2156 2522 2848 3178 3292 3502 3536 3759 4325 4429 4597 4930 5417 5526 5792 6097 6450 6696 7774 8365 8427 8875 8938 9295 9543 9872
75   19   29   30   31   43   57   64   92   97   98  129  147  165  174  195  209  212  235  325  356  392  489  553  562  583  587 1073 1130 1337 1841 2897
76    0    3    5   14   21   28   34   35   43   46   48   55   61   71   73   79   88  100  104  108  114  146  148  155  166  177  185  203  244  357  455  511  549  869  900 1160 2060 2938 8095
77
78   99  122  172  202  261  263  269  292  359  411  443  467  600  654  822  854  987 1502 1597 1801 1913 2042 2190 2282 4822 5558 7995
79   12   62   76   80   87   88  115  116  119  130  142  157  159  165  169  220  238  257  259  281  291  323  344  351  476  485  500  706  837 2983
80   50  141  145  148  150  167  214  224  246  284  316  400  496  641  686  688  726  864  971 1034 1138 1175 1208 1217 1232 1572 1815 2221 2424 3166 3708 5479 6057 6410 9794
81   59  110  113  147  161  167  209  242  270  282  300  355  359  470  527  662  757  764  801  803  858  994 1053 1216 1424 1627 2913 2968 4281
82   61   68  137  150  165  247  252  271  339  426  494  565  578  644  841 1329 1606 1615 1628 1649 1665 1759 1937 1983 2282 2739 2967 3144 5144 5472 5512 5675 6037 9711
83   49   69   86  103  106  112  133  140  162  227  319  365  407  490  549  589  779  862  970 1044 1515 1595 1635 1843 2795 3175 4238 5688 7315 8401
84    1   11   14   19   22   24   39   46   49   51   68   83   86  106  118  124  125  129  136  155  168  176  188  204  229  289  321  363  390  440  621 1147 1620 1737 4347
85   87  104  124  187  242  334  422  521  544  548  836  938  983 1135 1398 2144 2199 2312 2432
86   0   2   3   6   8   9  11  13  14  16  18  21  22  24  25  30  33  38  45  49  50  60  64  67  68  95 100 152 155 161 178 199 230 245 277
87    0    3    5    8    9   18   26   81   99  153  207  257  358  377  419  470  475  651  677  909  949 1029 1041 1180 1273 1370 2071 2334 6229 7301
88  330  554  714  869  928  957 1080 1223 1275 1570 1571 2475 2552 2674 2739 3044 3345 3400 3561 3704 3753 3879 3915 4146 4171 4928 5507 5546 5731 5778 5931 6025 6226 6831 7181 7195 7481 7734 7777 9203 9208 9358 9593
89   10   17   40   41   66  140  144  205  215  230  261  266  268  333  424  466  472  603  636  726  799  943  971 1008 1033 1134 1154 1172 1480 1495 1823 1948 1966 3137 3883 5350
90   19   22   42   43   45   50   53   57   92   96  120  123  124  137  140  141  143  158  184  218  287  310  424  425  452  638  646  655  686  691  716  994 1260 1363 1752 2371 3457 3977 4551 6012
91  338  663  732 1691 2424 2452 2492 2650 3208 3244 3909 4081 4465
92   36   42   45   50   66  106  120  122  130  132  144  152  160  166  169  176  179  190  194  205  216  248  293  304  316  327  356  659  715  774 1123 1583 1714 1799 1862 1958 2738 9138
93   22  152  275  549  673  750  915 1421 1951 3535
94  857 1942
95 5390 5442 5977
96   12   23   28   33   52   65   66   82  108  139  140  149  201  229  249  266  271  318  322  354  365  455  474  504  542  548  589  593  609  715  737  753  760 1361 1417 2003 2088 2240 2818 4914
97    4    5    7   10   18   27   44   52   54   56   69   72   76   83   86   99  104  138  168  173  191  192  241  259  273  278  297  334  335  375  559 1478 3858 5381
98    1    2    4   10   11   13   23   39   40   42   44   48   52   55   56   63   66   76   77   82  120  139  153  170  198  215  229  236  269  341  641  915 2665 3097
99    7   12   15   29   40   62   71   79   94  101  113  119  130  138  143  153  160  166  168  175  180  188  190  198  224  238  280  406  454  503  637  891  953 1756 2478 3110
